--- Job Ex 2.1 - Dati.gms Start 11/25/22 12:12:10 40.3.0 f227c22a DEX-DEG x86 64bit/Mac OS X
--- Applying:
    /Library/Frameworks/GAMS.framework/Versions/40/Resources/gmsprmun.txt
    /Users/marcovinciguerra/Library/Preferences/GAMS/gamsconfig.yaml
--- GAMS Parameters defined
    Input "/Users/marcovinciguerra/Desktop/Ex 2.1 - Dati.gms"
    PageSize 0
    ScrDir /Users/marcovinciguerra/Github/Gams/225a/
    SysDir /Library/Frameworks/GAMS.framework/Versions/40/Resources/
    LogOption 3
    ErrMsg 1
    ErrorLog 99
    IDE 1
    LstTitleLeftAligned 1
Licensee: GAMS Demo license for marco vinciguerra        G220927|0002CO-GEN
          unibg, Italy                                             DL074718
          /Users/marcovinciguerra/Library/Application Support/GAMS/gamslice.txt
          mvincig11@gmail.com, marco vinciguerra                           
          Demo license for demonstration and instructional purposes only
Processor information: 1 socket(s), 8 core(s), and 8 thread(s) available
GAMS 40.3.0   Copyright (C) 1987-2022 GAMS Development. All rights reserved
--- Starting compilation
--- Ex 2.1 - Dati.gms(37) 3 Mb
--- Starting execution - empty program
*** Status: Normal completion
--- Job Ex 2.1 - Dati.gms Stop 11/25/22 12:12:10 elapsed 0:00:00.039
