
--- Job Es4Rifatto.gms Start 11/20/22 16:34:51 40.3.0 f227c22a DEX-DEG x86 64bit/Mac OS X
--- Applying:
    /Library/Frameworks/GAMS.framework/Versions/40/Resources/gmsprmun.txt
    /Users/marcovinciguerra/Library/Preferences/GAMS/gamsconfig.yaml
--- GAMS Parameters defined
    Input /Users/marcovinciguerra/Github/Gams/Es4Rifatto.gms
    PageSize 0
    ScrDir /Users/marcovinciguerra/Github/Gams/225a/
    SysDir /Library/Frameworks/GAMS.framework/Versions/40/Resources/
    LogOption 3
    ErrMsg 1
    ErrorLog 99
    IDE 1
    LstTitleLeftAligned 1
Licensee: GAMS Demo license for marco vinciguerra        G220927|0002CO-GEN
          unibg, Italy                                             DL074718
          /Users/marcovinciguerra/Library/Application Support/GAMS/gamslice.txt
          mvincig11@gmail.com, marco vinciguerra                           
          Demo license for demonstration and instructional purposes only
Processor information: 1 socket(s), 8 core(s), and 8 thread(s) available
GAMS 40.3.0   Copyright (C) 1987-2022 GAMS Development. All rights reserved
--- Starting compilation
--- Es4Rifatto.gms(69) 3 Mb 2 Errors
*** Error  71 in /Users/marcovinciguerra/Github/Gams/Es4Rifatto.gms
    The symbol shown has been declared as an equation, but no
       Symbolic equation (..) was found. hint - look for commas in the
       Documentation text for the equations. use quotes around the
       Text or eliminate the commas.
*** Error 256 in /Users/marcovinciguerra/Github/Gams/Es4Rifatto.gms
    Error(s) in analyzing solve statement.
*** The following LP errors were detected in model production:
     71 vincolo is an undefined equation
     71 domanda is an undefined equation
     71 inammissibili is an undefined equation
--- Es4Rifatto.gms(70) 3 Mb 2 Errors
*** Status: Compilation error(s)
--- Job Es4Rifatto.gms Stop 11/20/22 16:34:51 elapsed 0:00:00.006
